Base path: D:/Program Files/Unity/Editor/Data
Pipe name: \\.\pipe\UnityShaderCompiler-64bit-1-6500
Cmd: getPlatforms
Cmd: preprocess
  insize=2850 outsize=847 ok=1
Cmd: compileSnippet
  api=4 type=0 insize=2301 outsize=1558 kw=DUMMY ok=1
Cmd: compileSnippet
  api=4 type=1 insize=2301 outsize=1258 kw=DUMMY ok=1
Cmd: compileSnippet
  api=4 type=0 insize=2301 outsize=1908 kw=PIXELSNAP_ON ok=1
Cmd: compileSnippet
  api=4 type=1 insize=2301 outsize=1258 kw=PIXELSNAP_ON ok=1
Cmd: compileSnippet
  api=4 type=0 insize=751 outsize=3533 kw=SHADOWS_DEPTH ok=1
Cmd: compileSnippet
  api=4 type=1 insize=751 outsize=380 kw=SHADOWS_DEPTH ok=1
Cmd: compileSnippet
  api=4 type=0 insize=982 outsize=3979 kw=DIRECTIONAL SHADOWS_OFF LIGHTMAP_OFF DIRLIGHTMAP_OFF DYNAMICLIGHTMAP_OFF ok=1
Cmd: compileSnippet
  api=4 type=1 insize=982 outsize=10561 kw=DIRECTIONAL SHADOWS_OFF LIGHTMAP_OFF DIRLIGHTMAP_OFF DYNAMICLIGHTMAP_OFF ok=1
Cmd: compileSnippet
  api=4 type=0 insize=938 outsize=4036 kw=DIRECTIONAL SHADOWS_OFF ok=1
Cmd: compileSnippet
  api=4 type=1 insize=938 outsize=5515 kw=DIRECTIONAL SHADOWS_OFF ok=1
